La génération a démarré 02/10/2014 23:41:41.
     1>Projet "D:\tools\projects\MyoEV3\MyoCpp\MyoWebSocket\MyoWebSocket.vcxproj" sur le nœud 2 (Build cible(s)).
     1>ClCompile:
         C:\Program Files (x86)\Microsoft Visual Studio 12.0\VC\bin\CL.exe /c /I.\include /Zi /nologo /W3 /WX- /O2 /Oi /Oy- /GL /D WIN32 /D NDEBUG /D _CONSOLE /D _LIB /D _UNICODE /D UNICODE /Gm- /EHsc /MD /GS /Gy /fp:precise /Zc:wchar_t /Zc:forScope /Fo"Release\\" /Fd"Release\vc120.pdb" /Gd /TP /analyze- /errorReport:prompt MyoWebSocket.cpp
         MyoWebSocket.cpp
     1>MyoWebSocket.cpp(99): warning C4244: 'initialisation' : conversion de 'time_t' en 'unsigned long', perte possible de données
     1>MyoWebSocket.cpp(112): warning C4244: '=' : conversion de 'time_t' en 'unsigned long', perte possible de données
     1>MyoWebSocket.cpp(125): warning C4244: 'initialisation' : conversion de 'double' en 'float', perte possible de données
     1>MyoWebSocket.cpp(126): warning C4244: 'initialisation' : conversion de 'double' en 'float', perte possible de données
     1>MyoWebSocket.cpp(127): warning C4244: 'initialisation' : conversion de 'double' en 'float', perte possible de données
     1>MyoWebSocket.cpp(170): warning C4244: '=' : conversion de 'time_t' en 'unsigned long', perte possible de données
     1>MyoWebSocket.cpp(231): warning C4996: 'strcpy': This function or variable may be unsafe. Consider using strcpy_s instead. To disable deprecation, use _CRT_SECURE_NO_WARNINGS. See online help for details.
                 C:\Program Files (x86)\Microsoft Visual Studio 12.0\VC\include\string.h(112) : voir la déclaration de 'strcpy'
     1>MyoWebSocket.cpp(233): warning C4996: 'strcpy': This function or variable may be unsafe. Consider using strcpy_s instead. To disable deprecation, use _CRT_SECURE_NO_WARNINGS. See online help for details.
                 C:\Program Files (x86)\Microsoft Visual Studio 12.0\VC\include\string.h(112) : voir la déclaration de 'strcpy'
       Link:
         C:\Program Files (x86)\Microsoft Visual Studio 12.0\VC\bin\link.exe /ERRORREPORT:PROMPT /OUT:"D:\tools\projects\MyoEV3\MyoCpp\MyoWebSocket\Release\MyoWebSocket.exe" /INCREMENTAL:NO /NOLOGO /LIBPATH:.\lib myo32.lib /MANIFEST /MANIFESTUAC:"level='asInvoker' uiAccess='false'" /manifest:embed /DEBUG /PDB:"D:\tools\projects\MyoEV3\MyoCpp\MyoWebSocket\Release\MyoWebSocket.pdb" /SUBSYSTEM:CONSOLE /OPT:REF /OPT:ICF /LTCG /TLBID:1 /DYNAMICBASE /NXCOMPAT /IMPLIB:"D:\tools\projects\MyoEV3\MyoCpp\MyoWebSocket\Release\MyoWebSocket.lib" /MACHINE:X86 /SAFESEH Release\MyoWebSocket.obj
         Génération de code en cours
         Fin de la génération du code
         MyoWebSocket.vcxproj -> D:\tools\projects\MyoEV3\MyoCpp\MyoWebSocket\Release\MyoWebSocket.exe
       PostBuildEvent:
         COPY ".\bin\myo32.dll" "D:\tools\projects\MyoEV3\MyoCpp\MyoWebSocket\Release\"
         :VCEnd
                 1 fichier(s) copié(s).
     1>Génération du projet "D:\tools\projects\MyoEV3\MyoCpp\MyoWebSocket\MyoWebSocket.vcxproj" terminée (Build cible(s)).

La génération a réussi.

Temps écoulé 00:00:03.45
